# JRE version: Java(TM) SE Runtime Environment (21.0.7+8) (build 21.0.7+8-LTS-245)
# Java VM: Java HotSpot(TM) 64-Bit Server VM (21.0.7+8-LTS-245, mixed mode, sharing, tiered, compressed oops, compressed class ptrs, g1 gc, windows-amd64)
GC Precious Log:
 CardTable entry size: 512
 Card Set container configuration: InlinePtr #cards 5 size 8 Array Of Cards #cards 12 size 40 Howl #buckets 4 coarsen threshold 1843 Howl Bitmap #cards 512 size 80 coarsen threshold 460 Card regions per heap region 1 cards per card region 2048
 CPUs: 4 total, 4 available
 Memory: 7932M
 Large Page Support: Disabled
 NUMA Support: Disabled
 Compressed Oops: Enabled (32-bit)
 Heap Region Size: 1M
 Heap Min Capacity: 8M
 Heap Initial Capacity: 124M
 Heap Max Capacity: 1984M
 Pre-touch: Disabled
 Parallel Workers: 4
 Concurrent Workers: 1
 Concurrent Refinement Workers: 4
 Periodic GC: Disabled
Heap:
 garbage-first heap   total 58368K, used 50565K [0x0000000084000000, 0x0000000100000000)
  region size 1024K, 27 young (27648K), 2 survivors (2048K)
 Metaspace       used 62031K, committed 62976K, reserved 1114112K
  class space    used 8063K, committed 8448K, reserved 1048576K
GC Heap History (20 events):
Event: 4.536 GC heap before
{Heap before GC invocations=11 (full 0):
 garbage-first heap   total 48128K, used 39814K [0x0000000084000000, 0x0000000100000000)
  region size 1024K, 21 young (21504K), 3 survivors (3072K)
 Metaspace       used 49739K, committed 50304K, reserved 1114112K
  class space    used 6344K, committed 6592K, reserved 1048576K
}
Event: 4.541 GC heap after
{Heap after GC invocations=12 (full 0):
 garbage-first heap   total 48128K, used 22797K [0x0000000084000000, 0x0000000100000000)
  region size 1024K, 2 young (2048K), 2 survivors (2048K)
 Metaspace       used 49739K, committed 50304K, reserved 1114112K
  class space    used 6344K, committed 6592K, reserved 1048576K
}
Event: 4.850 GC heap before
{Heap before GC invocations=12 (full 0):
 garbage-first heap   total 48128K, used 40205K [0x0000000084000000, 0x0000000100000000)
  region size 1024K, 20 young (20480K), 2 survivors (2048K)
 Metaspace       used 55854K, committed 56448K, reserved 1114112K
  class space    used 7331K, committed 7616K, reserved 1048576K
}
Event: 4.852 GC heap after
{Heap after GC invocations=13 (full 0):
 garbage-first heap   total 58368K, used 23622K [0x0000000084000000, 0x0000000100000000)
  region size 1024K, 3 young (3072K), 3 survivors (3072K)
 Metaspace       used 55854K, committed 56448K, reserved 1114112K
  class space    used 7331K, committed 7616K, reserved 1048576K
}
Event: 5.261 GC heap before
{Heap before GC invocations=13 (full 0):
 garbage-first heap   total 58368K, used 41030K [0x0000000084000000, 0x0000000100000000)
  region size 1024K, 21 young (21504K), 3 survivors (3072K)
 Metaspace       used 59507K, committed 60096K, reserved 1114112K
  class space    used 7839K, committed 8128K, reserved 1048576K
}
Event: 5.265 GC heap after
{Heap after GC invocations=14 (full 0):
 garbage-first heap   total 58368K, used 25549K [0x0000000084000000, 0x0000000100000000)
  region size 1024K, 4 young (4096K), 4 survivors (4096K)
 Metaspace       used 59507K, committed 60096K, reserved 1114112K
  class space    used 7839K, committed 8128K, reserved 1048576K
}
Event: 953.329 GC heap before
{Heap before GC invocations=15 (full 0):
 garbage-first heap   total 58368K, used 49101K [0x0000000084000000, 0x0000000100000000)
  region size 1024K, 28 young (28672K), 4 survivors (4096K)
 Metaspace       used 61708K, committed 62272K, reserved 1114112K
  class space    used 8141K, committed 8384K, reserved 1048576K
}
Event: 953.417 GC heap after
{Heap after GC invocations=16 (full 0):
 garbage-first heap   total 58368K, used 27225K [0x0000000084000000, 0x0000000100000000)
  region size 1024K, 4 young (4096K), 4 survivors (4096K)
 Metaspace       used 61708K, committed 62272K, reserved 1114112K
  class space    used 8141K, committed 8384K, reserved 1048576K
}
Event: 5506.525 GC heap before
{Heap before GC invocations=16 (full 0):
 garbage-first heap   total 58368K, used 49753K [0x0000000084000000, 0x0000000100000000)
  region size 1024K, 26 young (26624K), 4 survivors (4096K)
 Metaspace       used 62003K, committed 62656K, reserved 1114112K
  class space    used 8146K, committed 8448K, reserved 1048576K
}
Event: 5506.608 GC heap after
{Heap after GC invocations=17 (full 0):
 garbage-first heap   total 58368K, used 27933K [0x0000000084000000, 0x0000000100000000)
  region size 1024K, 3 young (3072K), 3 survivors (3072K)
 Metaspace       used 62003K, committed 62656K, reserved 1114112K
  class space    used 8146K, committed 8448K, reserved 1048576K
}
Event: 7365.716 GC heap before
{Heap before GC invocations=17 (full 0):
 garbage-first heap   total 58368K, used 50461K [0x0000000084000000, 0x0000000100000000)
  region size 1024K, 25 young (25600K), 3 survivors (3072K)
 Metaspace       used 62116K, committed 62784K, reserved 1114112K
  class space    used 8146K, committed 8448K, reserved 1048576K
}
Event: 7365.760 GC heap after
{Heap after GC invocations=18 (full 0):
 garbage-first heap   total 58368K, used 28249K [0x0000000084000000, 0x0000000100000000)
  region size 1024K, 2 young (2048K), 2 survivors (2048K)
 Metaspace       used 62116K, committed 62784K, reserved 1114112K
  class space    used 8146K, committed 8448K, reserved 1048576K
}
Event: 9384.255 GC heap before
{Heap before GC invocations=18 (full 0):
 garbage-first heap   total 58368K, used 49753K [0x0000000084000000, 0x0000000100000000)
  region size 1024K, 24 young (24576K), 2 survivors (2048K)
 Metaspace       used 62160K, committed 62848K, reserved 1114112K
  class space    used 8146K, committed 8448K, reserved 1048576K
}
Event: 9384.286 GC heap after
{Heap after GC invocations=19 (full 0):
 garbage-first heap   total 58368K, used 28029K [0x0000000084000000, 0x0000000100000000)
  region size 1024K, 2 young (2048K), 2 survivors (2048K)
 Metaspace       used 62160K, committed 62848K, reserved 1114112K
  class space    used 8146K, committed 8448K, reserved 1048576K
}
Event: 11325.528 GC heap before
{Heap before GC invocations=20 (full 0):
 garbage-first heap   total 58368K, used 50557K [0x0000000084000000, 0x0000000100000000)
  region size 1024K, 24 young (24576K), 2 survivors (2048K)
 Metaspace       used 61889K, committed 62848K, reserved 1114112K
  class space    used 8062K, committed 8448K, reserved 1048576K
}
Event: 11325.615 GC heap after
{Heap after GC invocations=21 (full 0):
 garbage-first heap   total 58368K, used 28027K [0x0000000084000000, 0x0000000100000000)
  region size 1024K, 2 young (2048K), 2 survivors (2048K)
 Metaspace       used 61889K, committed 62848K, reserved 1114112K
  class space    used 8062K, committed 8448K, reserved 1048576K
}
Event: 13185.723 GC heap before
{Heap before GC invocations=21 (full 0):
 garbage-first heap   total 58368K, used 49531K [0x0000000084000000, 0x0000000100000000)
  region size 1024K, 24 young (24576K), 2 survivors (2048K)
 Metaspace       used 61919K, committed 62912K, reserved 1114112K
  class space    used 8062K, committed 8448K, reserved 1048576K
}
Event: 13185.831 GC heap after
{Heap after GC invocations=22 (full 0):
 garbage-first heap   total 58368K, used 25578K [0x0000000084000000, 0x0000000100000000)
  region size 1024K, 2 young (2048K), 2 survivors (2048K)
 Metaspace       used 61919K, committed 62912K, reserved 1114112K
  class space    used 8062K, committed 8448K, reserved 1048576K
}
Event: 20219.442 GC heap before
{Heap before GC invocations=22 (full 0):
 garbage-first heap   total 58368K, used 50154K [0x0000000084000000, 0x0000000100000000)
  region size 1024K, 27 young (27648K), 2 survivors (2048K)
 Metaspace       used 61996K, committed 62976K, reserved 1114112K
  class space    used 8062K, committed 8448K, reserved 1048576K
}
Event: 20219.524 GC heap after
{Heap after GC invocations=23 (full 0):
 garbage-first heap   total 58368K, used 25989K [0x0000000084000000, 0x0000000100000000)
  region size 1024K, 2 young (2048K), 2 survivors (2048K)
 Metaspace       used 61996K, committed 62976K, reserved 1114112K
  class space    used 8062K, committed 8448K, reserved 1048576K
}

